-------------------------------------------------------------------------------
Test set: com.burofy.appWebBurofy.AppWebBurofyApplicationTests
-------------------------------------------------------------------------------
Tests run: 1, Failures: 0, Errors: 1, Skipped: 0, Time elapsed: 17.496 s <<< FAILURE! - in com.burofy.appWebBurofy.AppWebBurofyApplicationTests
contextLoads  Time elapsed: 0.021 s  <<< ERROR!
java.lang.IllegalStateException: Failed to load ApplicationContext
Caused by: org.springframework.beans.factory.UnsatisfiedDependencyException: Error creating bean with name 'professionalRestController' defined in file [E:\NOT COUNTRY C11-18\proyecto-burofy\backend\target\classes\com\burofy\appWebBurofy\controller\ProfessionalRestController.class]: Unsatisfied dependency expressed through constructor parameter 0; nested exception is org.springframework.beans.factory.UnsatisfiedDependencyException: Error creating bean with name 'professionalServiceImpl' defined in file [E:\NOT COUNTRY C11-18\proyecto-burofy\backend\target\classes\com\burofy\appWebBurofy\service\impl\ProfessionalServiceImpl.class]: Unsatisfied dependency expressed through constructor parameter 0; nested exception is org.springframework.beans.factory.BeanCreationException: Error creating bean with name 'IProfessionalRepository' defined in com.burofy.appWebBurofy.repository.IProfessionalRepository defined in @EnableJpaRepositories declared on JpaRepositoriesRegistrar.EnableJpaRepositoriesConfiguration: Invocation of init method failed; nested exception is org.springframework.data.repository.query.QueryCreationException: Could not create query for public abstract java.util.List com.burofy.appWebBurofy.repository.IProfessionalRepository.allProfessionals(int,int); Reason: Failed to create query for method public abstract java.util.List com.burofy.appWebBurofy.repository.IProfessionalRepository.allProfessionals(int,int)! No property 'allProfessionals' found for type 'Professional'; nested exception is java.lang.IllegalArgumentException: Failed to create query for method public abstract java.util.List com.burofy.appWebBurofy.repository.IProfessionalRepository.allProfessionals(int,int)! No property 'allProfessionals' found for type 'Professional'
Caused by: org.springframework.beans.factory.UnsatisfiedDependencyException: Error creating bean with name 'professionalServiceImpl' defined in file [E:\NOT COUNTRY C11-18\proyecto-burofy\backend\target\classes\com\burofy\appWebBurofy\service\impl\ProfessionalServiceImpl.class]: Unsatisfied dependency expressed through constructor parameter 0; nested exception is org.springframework.beans.factory.BeanCreationException: Error creating bean with name 'IProfessionalRepository' defined in com.burofy.appWebBurofy.repository.IProfessionalRepository defined in @EnableJpaRepositories declared on JpaRepositoriesRegistrar.EnableJpaRepositoriesConfiguration: Invocation of init method failed; nested exception is org.springframework.data.repository.query.QueryCreationException: Could not create query for public abstract java.util.List com.burofy.appWebBurofy.repository.IProfessionalRepository.allProfessionals(int,int); Reason: Failed to create query for method public abstract java.util.List com.burofy.appWebBurofy.repository.IProfessionalRepository.allProfessionals(int,int)! No property 'allProfessionals' found for type 'Professional'; nested exception is java.lang.IllegalArgumentException: Failed to create query for method public abstract java.util.List com.burofy.appWebBurofy.repository.IProfessionalRepository.allProfessionals(int,int)! No property 'allProfessionals' found for type 'Professional'
Caused by: org.springframework.beans.factory.BeanCreationException: Error creating bean with name 'IProfessionalRepository' defined in com.burofy.appWebBurofy.repository.IProfessionalRepository defined in @EnableJpaRepositories declared on JpaRepositoriesRegistrar.EnableJpaRepositoriesConfiguration: Invocation of init method failed; nested exception is org.springframework.data.repository.query.QueryCreationException: Could not create query for public abstract java.util.List com.burofy.appWebBurofy.repository.IProfessionalRepository.allProfessionals(int,int); Reason: Failed to create query for method public abstract java.util.List com.burofy.appWebBurofy.repository.IProfessionalRepository.allProfessionals(int,int)! No property 'allProfessionals' found for type 'Professional'; nested exception is java.lang.IllegalArgumentException: Failed to create query for method public abstract java.util.List com.burofy.appWebBurofy.repository.IProfessionalRepository.allProfessionals(int,int)! No property 'allProfessionals' found for type 'Professional'
Caused by: org.springframework.data.repository.query.QueryCreationException: Could not create query for public abstract java.util.List com.burofy.appWebBurofy.repository.IProfessionalRepository.allProfessionals(int,int); Reason: Failed to create query for method public abstract java.util.List com.burofy.appWebBurofy.repository.IProfessionalRepository.allProfessionals(int,int)! No property 'allProfessionals' found for type 'Professional'; nested exception is java.lang.IllegalArgumentException: Failed to create query for method public abstract java.util.List com.burofy.appWebBurofy.repository.IProfessionalRepository.allProfessionals(int,int)! No property 'allProfessionals' found for type 'Professional'
Caused by: java.lang.IllegalArgumentException: Failed to create query for method public abstract java.util.List com.burofy.appWebBurofy.repository.IProfessionalRepository.allProfessionals(int,int)! No property 'allProfessionals' found for type 'Professional'
Caused by: org.springframework.data.mapping.PropertyReferenceException: No property 'allProfessionals' found for type 'Professional'

